生成启动时间为 2018/12/25 23:23:16。
     1>项目“D:\CHY.cpp\读文章\读文章\读文章.vcxproj”在节点 2 上(build 个目标)。
     1>PrepareForBuild:
         正在创建目录“D:\CHY.cpp\读文章\Debug\”。
       InitializeBuildStatus:
         正在创建“Debug\读文章.unsuccessfulbuild”，因为已指定“AlwaysCreate”。
       ClCompile:
         D:\ProgramFlies\VC\bin\CL.exe /c /ZI /nologo /W3 /WX- /Od /Oy- /D _UNICODE /D UNICODE /Gm /EHsc /RTC1 /MDd /GS /fp:precise /Zc:wchar_t /Zc:forScope /Fo"Debug\\" /Fd"Debug\vc100.pdb" /Gd /TP /analyze- /errorReport:prompt "读文章.cpp"
         读文章.cpp
     1>d:\chy.cpp\读文章\读文章\读文章.cpp(7): warning C4996: 'gets': This function or variable may be unsafe. Consider using gets_s instead. To disable deprecation, use _CRT_SECURE_NO_WARNINGS. See online help for details.
                 d:\programflies\vc\include\stdio.h(277) : 参见“gets”的声明
       Link:
         D:\ProgramFlies\VC\bin\link.exe /ERRORREPORT:PROMPT /OUT:"D:\CHY.cpp\读文章\Debug\读文章.exe" /NOLOGO kernel32.lib user32.lib gdi32.lib winspool.lib comdlg32.lib advapi32.lib shell32.lib ole32.lib oleaut32.lib uuid.lib odbc32.lib odbccp32.lib /MANIFEST /ManifestFile:"Debug\读文章.exe.intermediate.manifest" /MANIFESTUAC:"level='asInvoker' uiAccess='false'" /DEBUG /PDB:"D:\CHY.cpp\读文章\Debug\读文章.pdb" /TLBID:1 /DYNAMICBASE /NXCOMPAT /IMPLIB:"D:\CHY.cpp\读文章\Debug\读文章.lib" /MACHINE:X86 "Debug\读文章.obj"
         读文章.vcxproj -> D:\CHY.cpp\读文章\Debug\读文章.exe
       Manifest:
         C:\Program Files (x86)\Microsoft SDKs\Windows\v7.0A\bin\mt.exe /nologo /verbose /outputresource:"D:\CHY.cpp\读文章\Debug\读文章.exe;#1" /manifest "Debug\读文章.exe.intermediate.manifest"
       FinalizeBuildStatus:
         正在删除文件“Debug\读文章.unsuccessfulbuild”。
         正在对“Debug\读文章.lastbuildstate”执行 Touch 任务。
     1>已完成生成项目“D:\CHY.cpp\读文章\读文章\读文章.vcxproj”(build 个目标)的操作。

生成成功。

已用时间 00:00:03.74
