生成启动时间为 2018/10/25 22:32:56。
     1>项目“D:\CHY.cpp\哥德巴赫猜想\哥德巴赫猜想\哥德巴赫猜想.vcxproj”在节点 2 上(build 个目标)。
     1>InitializeBuildStatus:
         正在对“Debug\哥德巴赫猜想.unsuccessfulbuild”执行 Touch 任务。
       ClCompile:
         D:\ProgramFlies\VC\bin\CL.exe /c /ZI /nologo /W3 /WX- /Od /Oy- /D _UNICODE /D UNICODE /Gm /EHsc /RTC1 /MDd /GS /fp:precise /Zc:wchar_t /Zc:forScope /Fo"Debug\\" /Fd"Debug\vc100.pdb" /Gd /TP /analyze- /errorReport:prompt "哥德巴赫猜想.cpp"
         哥德巴赫猜想.cpp
     1>d:\chy.cpp\哥德巴赫猜想\哥德巴赫猜想\哥德巴赫猜想.cpp(19): warning C4996: 'scanf': This function or variable may be unsafe. Consider using scanf_s instead. To disable deprecation, use _CRT_SECURE_NO_WARNINGS. See online help for details.
                 d:\programflies\vc\include\stdio.h(304) : 参见“scanf”的声明
       Link:
         D:\ProgramFlies\VC\bin\link.exe /ERRORREPORT:PROMPT /OUT:"D:\CHY.cpp\哥德巴赫猜想\Debug\哥德巴赫猜想.exe" /NOLOGO kernel32.lib user32.lib gdi32.lib winspool.lib comdlg32.lib advapi32.lib shell32.lib ole32.lib oleaut32.lib uuid.lib odbc32.lib odbccp32.lib /MANIFEST /ManifestFile:"Debug\哥德巴赫猜想.exe.intermediate.manifest" /MANIFESTUAC:"level='asInvoker' uiAccess='false'" /DEBUG /PDB:"D:\CHY.cpp\哥德巴赫猜想\Debug\哥德巴赫猜想.pdb" /TLBID:1 /DYNAMICBASE /NXCOMPAT /IMPLIB:"D:\CHY.cpp\哥德巴赫猜想\Debug\哥德巴赫猜想.lib" /MACHINE:X86 "Debug\哥德巴赫猜想.obj"
         哥德巴赫猜想.vcxproj -> D:\CHY.cpp\哥德巴赫猜想\Debug\哥德巴赫猜想.exe
       Manifest:
         C:\Program Files (x86)\Microsoft SDKs\Windows\v7.0A\bin\mt.exe /nologo /verbose /outputresource:"D:\CHY.cpp\哥德巴赫猜想\Debug\哥德巴赫猜想.exe;#1" /manifest "Debug\哥德巴赫猜想.exe.intermediate.manifest"
       FinalizeBuildStatus:
         正在删除文件“Debug\哥德巴赫猜想.unsuccessfulbuild”。
         正在对“Debug\哥德巴赫猜想.lastbuildstate”执行 Touch 任务。
     1>已完成生成项目“D:\CHY.cpp\哥德巴赫猜想\哥德巴赫猜想\哥德巴赫猜想.vcxproj”(build 个目标)的操作。

生成成功。

已用时间 00:00:00.95
