生成启动时间为 2018/9/5 21:27:00。
     1>项目“D:\CHY.cpp\Are you OK\Are you OK\Are you OK.vcxproj”在节点 2 上(build 个目标)。
     1>PrepareForBuild:
         正在创建目录“D:\CHY.cpp\Are you OK\Debug\”。
       InitializeBuildStatus:
         正在创建“Debug\Are you OK.unsuccessfulbuild”，因为已指定“AlwaysCreate”。
       ClCompile:
         D:\ProgramFlies\VC\bin\CL.exe /c /ZI /nologo /W3 /WX- /Od /Oy- /D _MBCS /Gm /EHsc /RTC1 /MDd /GS /fp:precise /Zc:wchar_t /Zc:forScope /Fo"Debug\\" /Fd"Debug\vc100.pdb" /Gd /TP /analyze- /errorReport:prompt "Are you OK.cpp"
         Are you OK.cpp
       Link:
         D:\ProgramFlies\VC\bin\link.exe /ERRORREPORT:PROMPT /OUT:"D:\CHY.cpp\Are you OK\Debug\Are you OK.exe" /NOLOGO kernel32.lib user32.lib gdi32.lib winspool.lib comdlg32.lib advapi32.lib shell32.lib ole32.lib oleaut32.lib uuid.lib odbc32.lib odbccp32.lib /MANIFEST /ManifestFile:"Debug\Are you OK.exe.intermediate.manifest" /MANIFESTUAC:"level='asInvoker' uiAccess='false'" /DEBUG /PDB:"D:\CHY.cpp\Are you OK\Debug\Are you OK.pdb" /TLBID:1 /DYNAMICBASE /NXCOMPAT /IMPLIB:"D:\CHY.cpp\Are you OK\Debug\Are you OK.lib" /MACHINE:X86 "Debug\Are you OK.obj"
         Are you OK.vcxproj -> D:\CHY.cpp\Are you OK\Debug\Are you OK.exe
       Manifest:
         C:\Program Files (x86)\Microsoft SDKs\Windows\v7.0A\bin\mt.exe /nologo /verbose /outputresource:"D:\CHY.cpp\Are you OK\Debug\Are you OK.exe;#1" /manifest "Debug\Are you OK.exe.intermediate.manifest"
       FinalizeBuildStatus:
         正在删除文件“Debug\Are you OK.unsuccessfulbuild”。
         正在对“Debug\Are you OK.lastbuildstate”执行 Touch 任务。
     1>已完成生成项目“D:\CHY.cpp\Are you OK\Are you OK\Are you OK.vcxproj”(build 个目标)的操作。

生成成功。

已用时间 00:00:02.02
