生成启动时间为 2018/9/13 23:12:24。
     1>项目“D:\CHY.cpp\细节决定成败（选做）\细节决定成败（选做）\细节决定成败（选做）.vcxproj”在节点 2 上(build 个目标)。
     1>PrepareForBuild:
         正在创建目录“D:\CHY.cpp\细节决定成败（选做）\Debug\”。
       InitializeBuildStatus:
         正在创建“Debug\细节决定成败（选做）.unsuccessfulbuild”，因为已指定“AlwaysCreate”。
       ClCompile:
         D:\ProgramFlies\VC\bin\CL.exe /c /ZI /nologo /W3 /WX- /Od /Oy- /D _UNICODE /D UNICODE /Gm /EHsc /RTC1 /MDd /GS /fp:precise /Zc:wchar_t /Zc:forScope /Fo"Debug\\" /Fd"Debug\vc100.pdb" /Gd /TP /analyze- /errorReport:prompt "细节决定成败（选做）.cpp"
         细节决定成败（选做）.cpp
       Link:
         D:\ProgramFlies\VC\bin\link.exe /ERRORREPORT:PROMPT /OUT:"D:\CHY.cpp\细节决定成败（选做）\Debug\细节决定成败（选做）.exe" /NOLOGO kernel32.lib user32.lib gdi32.lib winspool.lib comdlg32.lib advapi32.lib shell32.lib ole32.lib oleaut32.lib uuid.lib odbc32.lib odbccp32.lib /MANIFEST /ManifestFile:"Debug\细节决定成败（选做）.exe.intermediate.manifest" /MANIFESTUAC:"level='asInvoker' uiAccess='false'" /DEBUG /PDB:"D:\CHY.cpp\细节决定成败（选做）\Debug\细节决定成败（选做）.pdb" /TLBID:1 /DYNAMICBASE /NXCOMPAT /IMPLIB:"D:\CHY.cpp\细节决定成败（选做）\Debug\细节决定成败（选做）.lib" /MACHINE:X86 "Debug\细节决定成败（选做）.obj"
         细节决定成败（选做）.vcxproj -> D:\CHY.cpp\细节决定成败（选做）\Debug\细节决定成败（选做）.exe
       Manifest:
         C:\Program Files (x86)\Microsoft SDKs\Windows\v7.0A\bin\mt.exe /nologo /verbose /outputresource:"D:\CHY.cpp\细节决定成败（选做）\Debug\细节决定成败（选做）.exe;#1" /manifest "Debug\细节决定成败（选做）.exe.intermediate.manifest"
       FinalizeBuildStatus:
         正在删除文件“Debug\细节决定成败（选做）.unsuccessfulbuild”。
         正在对“Debug\细节决定成败（选做）.lastbuildstate”执行 Touch 任务。
     1>已完成生成项目“D:\CHY.cpp\细节决定成败（选做）\细节决定成败（选做）\细节决定成败（选做）.vcxproj”(build 个目标)的操作。

生成成功。

已用时间 00:00:02.49
