生成启动时间为 2018/11/21 20:15:15。
     1>项目“D:\CHY.cpp\字符串函数\字符串函数\字符串函数.vcxproj”在节点 2 上(build 个目标)。
     1>PrepareForBuild:
         正在创建目录“D:\CHY.cpp\字符串函数\Debug\”。
       InitializeBuildStatus:
         正在创建“Debug\字符串函数.unsuccessfulbuild”，因为已指定“AlwaysCreate”。
       ClCompile:
         D:\ProgramFlies\VC\bin\CL.exe /c /ZI /nologo /W3 /WX- /Od /Oy- /D _UNICODE /D UNICODE /Gm /EHsc /RTC1 /MDd /GS /fp:precise /Zc:wchar_t /Zc:forScope /Fo"Debug\\" /Fd"Debug\vc100.pdb" /Gd /TP /analyze- /errorReport:prompt "字符串函数.cpp"
         字符串函数.cpp
     1>d:\chy.cpp\字符串函数\字符串函数\字符串函数.cpp(6): warning C4996: 'gets': This function or variable may be unsafe. Consider using gets_s instead. To disable deprecation, use _CRT_SECURE_NO_WARNINGS. See online help for details.
                 d:\programflies\vc\include\stdio.h(277) : 参见“gets”的声明
     1>d:\chy.cpp\字符串函数\字符串函数\字符串函数.cpp(7): warning C4996: 'gets': This function or variable may be unsafe. Consider using gets_s instead. To disable deprecation, use _CRT_SECURE_NO_WARNINGS. See online help for details.
                 d:\programflies\vc\include\stdio.h(277) : 参见“gets”的声明
     1>d:\chy.cpp\字符串函数\字符串函数\字符串函数.cpp(23): warning C4996: 'strcat': This function or variable may be unsafe. Consider using strcat_s instead. To disable deprecation, use _CRT_SECURE_NO_WARNINGS. See online help for details.
                 d:\programflies\vc\include\string.h(110) : 参见“strcat”的声明
     1>d:\chy.cpp\字符串函数\字符串函数\字符串函数.cpp(4): warning C4101: “n”: 未引用的局部变量
     1>d:\chy.cpp\字符串函数\字符串函数\字符串函数.cpp(4): warning C4101: “j”: 未引用的局部变量
       Link:
         D:\ProgramFlies\VC\bin\link.exe /ERRORREPORT:PROMPT /OUT:"D:\CHY.cpp\字符串函数\Debug\字符串函数.exe" /NOLOGO kernel32.lib user32.lib gdi32.lib winspool.lib comdlg32.lib advapi32.lib shell32.lib ole32.lib oleaut32.lib uuid.lib odbc32.lib odbccp32.lib /MANIFEST /ManifestFile:"Debug\字符串函数.exe.intermediate.manifest" /MANIFESTUAC:"level='asInvoker' uiAccess='false'" /DEBUG /PDB:"D:\CHY.cpp\字符串函数\Debug\字符串函数.pdb" /TLBID:1 /DYNAMICBASE /NXCOMPAT /IMPLIB:"D:\CHY.cpp\字符串函数\Debug\字符串函数.lib" /MACHINE:X86 "Debug\字符串函数.obj"
         字符串函数.vcxproj -> D:\CHY.cpp\字符串函数\Debug\字符串函数.exe
       Manifest:
         C:\Program Files (x86)\Microsoft SDKs\Windows\v7.0A\bin\mt.exe /nologo /verbose /outputresource:"D:\CHY.cpp\字符串函数\Debug\字符串函数.exe;#1" /manifest "Debug\字符串函数.exe.intermediate.manifest"
       FinalizeBuildStatus:
         正在删除文件“Debug\字符串函数.unsuccessfulbuild”。
         正在对“Debug\字符串函数.lastbuildstate”执行 Touch 任务。
     1>已完成生成项目“D:\CHY.cpp\字符串函数\字符串函数\字符串函数.vcxproj”(build 个目标)的操作。

生成成功。

已用时间 00:00:01.44
