生成启动时间为 2018/12/15 18:32:42。
     1>项目“D:\CHY.cpp\保存字符行\保存字符行\保存字符行.vcxproj”在节点 2 上(build 个目标)。
     1>InitializeBuildStatus:
         正在创建“Debug\保存字符行.unsuccessfulbuild”，因为已指定“AlwaysCreate”。
       ClCompile:
         D:\ProgramFlies\VC\bin\CL.exe /c /ZI /nologo /W3 /WX- /Od /Oy- /D _UNICODE /D UNICODE /Gm /EHsc /RTC1 /MDd /GS /fp:precise /Zc:wchar_t /Zc:forScope /Fo"Debug\\" /Fd"Debug\vc100.pdb" /Gd /TP /analyze- /errorReport:prompt "保存字符行.cpp"
         保存字符行.cpp
     1>d:\chy.cpp\保存字符行\保存字符行\保存字符行.cpp(11): warning C4996: 'scanf': This function or variable may be unsafe. Consider using scanf_s instead. To disable deprecation, use _CRT_SECURE_NO_WARNINGS. See online help for details.
                 d:\programflies\vc\include\stdio.h(304) : 参见“scanf”的声明
       Link:
         D:\ProgramFlies\VC\bin\link.exe /ERRORREPORT:PROMPT /OUT:"D:\CHY.cpp\保存字符行\Debug\保存字符行.exe" /NOLOGO kernel32.lib user32.lib gdi32.lib winspool.lib comdlg32.lib advapi32.lib shell32.lib ole32.lib oleaut32.lib uuid.lib odbc32.lib odbccp32.lib /MANIFEST /ManifestFile:"Debug\保存字符行.exe.intermediate.manifest" /MANIFESTUAC:"level='asInvoker' uiAccess='false'" /DEBUG /PDB:"D:\CHY.cpp\保存字符行\Debug\保存字符行.pdb" /TLBID:1 /DYNAMICBASE /NXCOMPAT /IMPLIB:"D:\CHY.cpp\保存字符行\Debug\保存字符行.lib" /MACHINE:X86 "Debug\保存字符行.obj"
         LINK : 没有找到 D:\CHY.cpp\保存字符行\Debug\保存字符行.exe 或上一个增量链接没有生成它；正在执行完全链接
         保存字符行.vcxproj -> D:\CHY.cpp\保存字符行\Debug\保存字符行.exe
       Manifest:
         C:\Program Files (x86)\Microsoft SDKs\Windows\v7.0A\bin\mt.exe /nologo /verbose /outputresource:"D:\CHY.cpp\保存字符行\Debug\保存字符行.exe;#1" /manifest "Debug\保存字符行.exe.intermediate.manifest"
       FinalizeBuildStatus:
         正在删除文件“Debug\保存字符行.unsuccessfulbuild”。
         正在对“Debug\保存字符行.lastbuildstate”执行 Touch 任务。
     1>已完成生成项目“D:\CHY.cpp\保存字符行\保存字符行\保存字符行.vcxproj”(build 个目标)的操作。

生成成功。

已用时间 00:00:02.07
