生成启动时间为 2018/11/25 22:37:16。
     1>项目“D:\CHY.cpp\求字符串的长度\求字符串的长度\求字符串的长度.vcxproj”在节点 2 上(build 个目标)。
     1>InitializeBuildStatus:
         正在创建“Debug\求字符串的长度.unsuccessfulbuild”，因为已指定“AlwaysCreate”。
       ClCompile:
         D:\ProgramFlies\VC\bin\CL.exe /c /ZI /nologo /W3 /WX- /Od /Oy- /D _UNICODE /D UNICODE /Gm /EHsc /RTC1 /MDd /GS /fp:precise /Zc:wchar_t /Zc:forScope /Fo"Debug\\" /Fd"Debug\vc100.pdb" /Gd /TP /analyze- /errorReport:prompt "求字符串的长度.cpp"
         求字符串的长度.cpp
     1>d:\chy.cpp\求字符串的长度\求字符串的长度\求字符串的长度.cpp(8): warning C4996: 'gets': This function or variable may be unsafe. Consider using gets_s instead. To disable deprecation, use _CRT_SECURE_NO_WARNINGS. See online help for details.
                 d:\programflies\vc\include\stdio.h(277) : 参见“gets”的声明
       Link:
         D:\ProgramFlies\VC\bin\link.exe /ERRORREPORT:PROMPT /OUT:"D:\CHY.cpp\求字符串的长度\Debug\求字符串的长度.exe" /NOLOGO kernel32.lib user32.lib gdi32.lib winspool.lib comdlg32.lib advapi32.lib shell32.lib ole32.lib oleaut32.lib uuid.lib odbc32.lib odbccp32.lib /MANIFEST /ManifestFile:"Debug\求字符串的长度.exe.intermediate.manifest" /MANIFESTUAC:"level='asInvoker' uiAccess='false'" /DEBUG /PDB:"D:\CHY.cpp\求字符串的长度\Debug\求字符串的长度.pdb" /TLBID:1 /DYNAMICBASE /NXCOMPAT /IMPLIB:"D:\CHY.cpp\求字符串的长度\Debug\求字符串的长度.lib" /MACHINE:X86 "Debug\求字符串的长度.obj"
         LINK : 没有找到 D:\CHY.cpp\求字符串的长度\Debug\求字符串的长度.exe 或上一个增量链接没有生成它；正在执行完全链接
         求字符串的长度.vcxproj -> D:\CHY.cpp\求字符串的长度\Debug\求字符串的长度.exe
       Manifest:
         C:\Program Files (x86)\Microsoft SDKs\Windows\v7.0A\bin\mt.exe /nologo /verbose /outputresource:"D:\CHY.cpp\求字符串的长度\Debug\求字符串的长度.exe;#1" /manifest "Debug\求字符串的长度.exe.intermediate.manifest"
       FinalizeBuildStatus:
         正在删除文件“Debug\求字符串的长度.unsuccessfulbuild”。
         正在对“Debug\求字符串的长度.lastbuildstate”执行 Touch 任务。
     1>已完成生成项目“D:\CHY.cpp\求字符串的长度\求字符串的长度\求字符串的长度.vcxproj”(build 个目标)的操作。

生成成功。

已用时间 00:00:01.11
